<?xml version="1.0" encoding="UTF-8"?>
<!-- Generated by org.testng.reporters.JUnitXMLReporter -->
<testsuite hostname="xlenovo" ignored="0" tests="2" failures="1" timestamp="04 Dec 2017 19:58:17 GMT" time="611.672" errors="0">
  <testcase name="@AfterClass tearDown" time="0.827" classname="SendSMSAndroidTest">
    <failure type="org.openqa.selenium.WebDriverException" message="An unknown server-side error occurred while processing the command. Original error: Android bootstrap socket crashed: Error: This socket has been ended by the other party (WARNING: The server did not provide any stacktrace information)
Command duration or timeout: 825 milliseconds
Build info: version: &amp;apos;2.44.0&amp;apos;, revision: &amp;apos;76d78cf323ce037c5f92db6c1bba601c2ac43ad8&amp;apos;, time: &amp;apos;2014-10-23 13:11:40&amp;apos;
System info: host: &amp;apos;xlenovo&amp;apos;, ip: &amp;apos;127.0.1.1&amp;apos;, os.name: &amp;apos;Linux&amp;apos;, os.arch: &amp;apos;amd64&amp;apos;, os.version: &amp;apos;4.8.0-59-generic&amp;apos;, java.version: &amp;apos;1.8.0_131&amp;apos;
Driver info: io.appium.java_client.android.AndroidDriver
Capabilities [{appPackage=com.google.android.apps.messaging, deviceScreenSize=1080x1920, networkConnectionEnabled=true, noReset=true, warnings={}, databaseEnabled=false, version=, fullReset=false, deviceName=emulator-5554, platform=ANDROID, deviceUDID=emulator-5554, appActivity=com.google.android.apps.messaging.ui.ConversationListActivity, desired={appPackage=com.google.android.apps.messaging, appActivity=com.google.android.apps.messaging.ui.ConversationListActivity, noReset=true, browserName=android, platformName=Android, version=, device=Android, fullReset=false, deviceName=a, platform=ANDROID}, platformVersion=7.1.1, webStorageEnabled=false, locationContextEnabled=false, takesScreenshot=true, browserName=android, javascriptEnabled=true, deviceModel=Android SDK built for x86, platformName=Android, deviceManufacturer=Google, device=Android}]
Session ID: c8f9e8b4-c334-455f-b416-05f1f931b64d">
      <![CDATA[org.openqa.selenium.WebDriverException: An unknown server-side error occurred while processing the command. Original error: Android bootstrap socket crashed: Error: This socket has been ended by the other party (WARNING: The server did not provide any stacktrace information)Command duration or timeout: 825 millisecondsBuild info: version: '2.44.0', revision: '76d78cf323ce037c5f92db6c1bba601c2ac43ad8', time: '2014-10-23 13:11:40'System info: host: 'xlenovo', ip: '127.0.1.1', os.name: 'Linux', os.arch: 'amd64', os.version: '4.8.0-59-generic', java.version: '1.8.0_131'Driver info: io.appium.java_client.android.AndroidDriverCapabilities [{appPackage=com.google.android.apps.messaging, deviceScreenSize=1080x1920, networkConnectionEnabled=true, noReset=true, warnings={}, databaseEnabled=false, version=, fullReset=false, deviceName=emulator-5554, platform=ANDROID, deviceUDID=emulator-5554, appActivity=com.google.android.apps.messaging.ui.ConversationListActivity, desired={appPackage=com.google.android.apps.messaging, appActivity=com.google.android.apps.messaging.ui.ConversationListActivity, noReset=true, browserName=android, platformName=Android, version=, device=Android, fullReset=false, deviceName=a, platform=ANDROID}, platformVersion=7.1.1, webStorageEnabled=false, locationContextEnabled=false, takesScreenshot=true, browserName=android, javascriptEnabled=true, deviceModel=Android SDK built for x86, platformName=Android, deviceManufacturer=Google, device=Android}]Session ID: c8f9e8b4-c334-455f-b416-05f1f931b64dat org.openqa.selenium.remote.ErrorHandler.createThrowable(ErrorHandler.java:204)at org.openqa.selenium.remote.ErrorHandler.throwIfResponseFailed(ErrorHandler.java:156)at org.openqa.selenium.remote.RemoteWebDriver.execute(RemoteWebDriver.java:599)at io.appium.java_client.DefaultGenericMobileDriver.execute(DefaultGenericMobileDriver.java:27)at io.appium.java_client.AppiumDriver.execute(AppiumDriver.java:272)at org.openqa.selenium.remote.RemoteWebDriver.quit(RemoteWebDriver.java:468)at SendSMSAndroidTest.tearDown(SendSMSAndroidTest.java:33)... Removed 40 stack frames]]>
    </failure>
  </testcase> <!-- @AfterClass tearDown -->
  <testcase name="@BeforeClass setUp" time="0.057" classname="SendSMSIOSTest">
    <failure type="org.openqa.selenium.WebDriverException" message="An unknown server-side error occurred while processing the command. Original error: Could not find path to Xcode by symlinks located in /var/db/xcode_select_link, or /usr/share/xcode-select/xcode_dir_link (WARNING: The server did not provide any stacktrace information)
Command duration or timeout: 45 milliseconds
Build info: version: &amp;apos;2.44.0&amp;apos;, revision: &amp;apos;76d78cf323ce037c5f92db6c1bba601c2ac43ad8&amp;apos;, time: &amp;apos;2014-10-23 13:11:40&amp;apos;
System info: host: &amp;apos;xlenovo&amp;apos;, ip: &amp;apos;127.0.1.1&amp;apos;, os.name: &amp;apos;Linux&amp;apos;, os.arch: &amp;apos;amd64&amp;apos;, os.version: &amp;apos;4.8.0-59-generic&amp;apos;, java.version: &amp;apos;1.8.0_131&amp;apos;
Driver info: io.appium.java_client.ios.IOSDriver">
      <![CDATA[org.openqa.selenium.WebDriverException: An unknown server-side error occurred while processing the command. Original error: Could not find path to Xcode by symlinks located in /var/db/xcode_select_link, or /usr/share/xcode-select/xcode_dir_link (WARNING: The server did not provide any stacktrace information)Command duration or timeout: 45 millisecondsBuild info: version: '2.44.0', revision: '76d78cf323ce037c5f92db6c1bba601c2ac43ad8', time: '2014-10-23 13:11:40'System info: host: 'xlenovo', ip: '127.0.1.1', os.name: 'Linux', os.arch: 'amd64', os.version: '4.8.0-59-generic', java.version: '1.8.0_131'Driver info: io.appium.java_client.ios.IOSDriverat org.openqa.selenium.remote.ErrorHandler.createThrowable(ErrorHandler.java:204)at org.openqa.selenium.remote.ErrorHandler.throwIfResponseFailed(ErrorHandler.java:156)at org.openqa.selenium.remote.RemoteWebDriver.execute(RemoteWebDriver.java:599)at io.appium.java_client.DefaultGenericMobileDriver.execute(DefaultGenericMobileDriver.java:27)at io.appium.java_client.AppiumDriver.execute(AppiumDriver.java:1)at io.appium.java_client.ios.IOSDriver.execute(IOSDriver.java:1)at org.openqa.selenium.remote.RemoteWebDriver.startSession(RemoteWebDriver.java:240)at org.openqa.selenium.remote.RemoteWebDriver.<init>(RemoteWebDriver.java:126)at org.openqa.selenium.remote.RemoteWebDriver.<init>(RemoteWebDriver.java:153)at io.appium.java_client.DefaultGenericMobileDriver.<init>(DefaultGenericMobileDriver.java:22)at io.appium.java_client.AppiumDriver.<init>(AppiumDriver.java:202)at io.appium.java_client.ios.IOSDriver.<init>(IOSDriver.java:37)at iosSetup.prepareIOSForAppium(iosSetup.java:24)at SendSMSIOSTest.setUp(SendSMSIOSTest.java:23)... Removed 40 stack frames]]>
    </failure>
  </testcase> <!-- @BeforeClass setUp -->
  <testcase name="@AfterClass tearDown" time="0.0" classname="SendSMSIOSTest">
    <skipped/>
  </testcase> <!-- @AfterClass tearDown -->
  <testcase name="SendNewSMSTest" time="607.058" classname="SendSMSAndroidTest">
    <failure type="org.openqa.selenium.remote.UnreachableBrowserException" message="Error communicating with the remote browser. It may have died.
Build info: version: &amp;apos;2.44.0&amp;apos;, revision: &amp;apos;76d78cf323ce037c5f92db6c1bba601c2ac43ad8&amp;apos;, time: &amp;apos;2014-10-23 13:11:40&amp;apos;
System info: host: &amp;apos;xlenovo&amp;apos;, ip: &amp;apos;127.0.1.1&amp;apos;, os.name: &amp;apos;Linux&amp;apos;, os.arch: &amp;apos;amd64&amp;apos;, os.version: &amp;apos;4.8.0-59-generic&amp;apos;, java.version: &amp;apos;1.8.0_131&amp;apos;
Driver info: driver.version: AndroidDriver">
      <![CDATA[org.openqa.selenium.remote.UnreachableBrowserException: Error communicating with the remote browser. It may have died.Build info: version: '2.44.0', revision: '76d78cf323ce037c5f92db6c1bba601c2ac43ad8', time: '2014-10-23 13:11:40'System info: host: 'xlenovo', ip: '127.0.1.1', os.name: 'Linux', os.arch: 'amd64', os.version: '4.8.0-59-generic', java.version: '1.8.0_131'Driver info: driver.version: AndroidDriverat org.openqa.selenium.remote.RemoteWebDriver.execute(RemoteWebDriver.java:593)at io.appium.java_client.DefaultGenericMobileDriver.execute(DefaultGenericMobileDriver.java:27)at io.appium.java_client.AppiumDriver.execute(AppiumDriver.java:1)at io.appium.java_client.android.AndroidDriver.execute(AndroidDriver.java:1)at org.openqa.selenium.remote.RemoteWebDriver.findElement(RemoteWebDriver.java:352)at org.openqa.selenium.remote.RemoteWebDriver.findElementByXPath(RemoteWebDriver.java:449)at io.appium.java_client.DefaultGenericMobileDriver.findElementByXPath(DefaultGenericMobileDriver.java:99)at io.appium.java_client.AppiumDriver.findElementByXPath(AppiumDriver.java:1)at io.appium.java_client.android.AndroidDriver.findElementByXPath(AndroidDriver.java:1)at org.openqa.selenium.By$ByXPath.findElement(By.java:357)at org.openqa.selenium.remote.RemoteWebDriver.findElement(RemoteWebDriver.java:344)at io.appium.java_client.DefaultGenericMobileDriver.findElement(DefaultGenericMobileDriver.java:37)at io.appium.java_client.AppiumDriver.findElement(AppiumDriver.java:1)at io.appium.java_client.android.AndroidDriver.findElement(AndroidDriver.java:1)at org.openqa.selenium.support.ui.ExpectedConditions.findElement(ExpectedConditions.java:730)at org.openqa.selenium.support.ui.ExpectedConditions.access$000(ExpectedConditions.java:39)at org.openqa.selenium.support.ui.ExpectedConditions$4.apply(ExpectedConditions.java:130)at org.openqa.selenium.support.ui.ExpectedConditions$4.apply(ExpectedConditions.java:126)at org.openqa.selenium.support.ui.ExpectedConditions$17.apply(ExpectedConditions.java:528)at org.openqa.selenium.support.ui.ExpectedConditions$17.apply(ExpectedConditions.java:521)at org.openqa.selenium.support.ui.FluentWait.until(FluentWait.java:208)at SendSMSAndroidTest.SendNewSMSTest(SendSMSAndroidTest.java:40)Caused by: org.apache.http.NoHttpResponseException: 127.0.0.1:4723 failed to respondat org.apache.http.impl.conn.DefaultHttpResponseParser.parseHead(DefaultHttpResponseParser.java:143)at org.apache.http.impl.conn.DefaultHttpResponseParser.parseHead(DefaultHttpResponseParser.java:57)at org.apache.http.impl.io.AbstractMessageParser.parse(AbstractMessageParser.java:260)at org.apache.http.impl.DefaultBHttpClientConnection.receiveResponseHeader(DefaultBHttpClientConnection.java:161)at org.apache.http.impl.conn.CPoolProxy.invoke(CPoolProxy.java:138)at com.sun.proxy.$Proxy4.receiveResponseHeader(Unknown Source)at org.apache.http.protocol.HttpRequestExecutor.doReceiveResponse(HttpRequestExecutor.java:271)at org.apache.http.protocol.HttpRequestExecutor.execute(HttpRequestExecutor.java:123)at org.apache.http.impl.execchain.MainClientExec.execute(MainClientExec.java:254)at org.apache.http.impl.execchain.ProtocolExec.execute(ProtocolExec.java:195)at org.apache.http.impl.execchain.RetryExec.execute(RetryExec.java:86)at org.apache.http.impl.execchain.RedirectExec.execute(RedirectExec.java:108)at org.apache.http.impl.client.InternalHttpClient.doExecute(InternalHttpClient.java:186)at org.apache.http.impl.client.CloseableHttpClient.execute(CloseableHttpClient.java:72)at org.apache.http.impl.client.CloseableHttpClient.execute(CloseableHttpClient.java:57)at org.openqa.selenium.remote.HttpCommandExecutor.fallBackExecute(HttpCommandExecutor.java:233)at org.openqa.selenium.remote.HttpCommandExecutor.execute(HttpCommandExecutor.java:184)at org.openqa.selenium.remote.RemoteWebDriver.execute(RemoteWebDriver.java:572)... 56 more... Removed 39 stack frames]]>
    </failure>
  </testcase> <!-- SendNewSMSTest -->
  <testcase name="sendNewSMS" time="0.0" classname="SendSMSIOSTest">
    <skipped/>
  </testcase> <!-- sendNewSMS -->
</testsuite>
